Arguments: 
  C:\Program Files\nodejs\node.exe C:\Program Files (x86)\Yarn\bin\yarn.js add express morgan

PATH: 
  C:\Program Files (x86)\Common Files\Oracle\Java\javapath;C:\Windows\system32;C:\Windows;C:\Windows\System32\Wbem;C:\Windows\System32\WindowsPowerShell\v1.0\;C:\Windows\System32\OpenSSH\;C:\Program Files (x86)\ATI Technologies\ATI.ACE\Core-Static;C:\Program Files\Java\jdk-11.0.9\bin;C:\Program Files\nodejs\;C:\ProgramData\chocolatey\bin;C:\Program Files\Git\cmd;C:\Program Files (x86)\Yarn\bin\;C:\Users\Guilherme\AppData\Local\Android\Sdk\cmdline-tools;C:\Program Files\MySQL\MySQL Shell 8.0\bin\;C:\Users\Guilherme\AppData\Local\Programs\Python\Python39\Scripts\;C:\Users\Guilherme\AppData\Local\Programs\Python\Python39\;C:\Users\Guilherme\AppData\Local\Microsoft\WindowsApps;;C:\Program Files\JetBrains\IntelliJ IDEA Community Edition 2020.2.3\bin;;D:\Microsoft VS Code\bin;C:\Users\Guilherme\AppData\Roaming\npm;C:\Users\Guilherme\AppData\Local\Yarn\bin

Yarn version: 
  1.22.5

Node version: 
  14.15.4

Platform: 
  win32 x64

Trace: 
  Error: 10272:error:1408F119:SSL routines:ssl3_get_record:decryption failed or bad record mac:c:\ws\deps\openssl\openssl\ssl\record\ssl3_record.c:677:

npm manifest: 
  {
    "name": "rest-api",
    "version": "1.0.0",
    "description": "REST API",
    "main": "index.js",
    "scripts": {
      "test": "echo \"Error: no test specified\" && exit 1",
      "start": "nodemon server.js"
    },
    "keywords": [
      "node",
      "tutorial",
      "youtube"
    ],
    "author": "Alex Vinicius de Souza Manoel",
    "license": "ISC",
    "dependencies": {
      "bcrypt": "^5.0.1",
      "body-parser": "^1.19.0",
      "express": "^4.17.1",
      "jsonwebtoken": "^8.5.1",
      "morgan": "^1.10.0",
      "mysql": "^2.18.1",
      "mysql2": "^2.2.5"
    },
    "devDependencies": {
      "nodemon": "^2.0.7"
    }
  }

yarn manifest: 
  No manifest

Lockfile: 
  No lockfile
